<?xml version="1.0" encoding="UTF-8"?>
<!-- Generated by org.testng.reporters.JUnitXMLReporter -->
<testsuite ignored="0" hostname="EPINHYDW077F" failures="0" tests="26" name="API Test" time="59.771" errors="0" timestamp="2021-05-09T16:50:46 IST">
  <testcase classname="com.epam.programs_portal.tests.api_testing.ProgramPortalAPI_Testing" name="setup" time="2.475"/>
  <testcase classname="com.epam.programs_portal.tests.api_testing.ProgramPortalAPI_Testing" name="addCollege" time="4.999"/>
  <testcase classname="com.epam.programs_portal.tests.api_testing.ProgramPortalAPI_Testing" name="addCollege" time="0.345"/>
  <testcase classname="com.epam.programs_portal.tests.api_testing.ProgramPortalAPI_Testing" name="addCollege" time="0.258"/>
  <testcase classname="com.epam.programs_portal.tests.api_testing.ProgramPortalAPI_Testing" name="addCollege" time="1.474"/>
  <testcase classname="com.epam.programs_portal.tests.api_testing.ProgramPortalAPI_Testing" name="deleteCollegeByID" time="2.227"/>
  <testcase classname="com.epam.programs_portal.tests.api_testing.ProgramPortalAPI_Testing" name="deleteCollegeByID" time="3.11"/>
  <testcase classname="com.epam.programs_portal.tests.api_testing.ProgramPortalAPI_Testing" name="deleteCollegeByID" time="4.381"/>
  <testcase classname="com.epam.programs_portal.tests.api_testing.ProgramPortalAPI_Testing" name="deleteCollegeByID" time="3.646"/>
  <testcase classname="com.epam.programs_portal.tests.api_testing.ProgramPortalAPI_Testing" name="deleteCollegeByID" time="3.214"/>
  <testcase classname="com.epam.programs_portal.tests.api_testing.ProgramPortalAPI_Testing" name="deleteCollegeByID" time="3.297"/>
  <testcase classname="com.epam.programs_portal.tests.api_testing.ProgramPortalAPI_Testing" name="deleteCollegeByID" time="5.784"/>
  <testcase classname="com.epam.programs_portal.tests.api_testing.ProgramPortalAPI_Testing" name="deleteCollegeByID" time="2.864"/>
  <testcase classname="com.epam.programs_portal.tests.api_testing.ProgramPortalAPI_Testing" name="deleteCollegeByID" time="1.904"/>
  <testcase classname="com.epam.programs_portal.tests.api_testing.ProgramPortalAPI_Testing" name="deleteCollegeByID" time="2.531"/>
  <testcase classname="com.epam.programs_portal.tests.api_testing.ProgramPortalAPI_Testing" name="deleteCollegesById" time="1.086"/>
  <testcase classname="com.epam.programs_portal.tests.api_testing.ProgramPortalAPI_Testing" name="deleteCollegesById" time="0.614"/>
  <testcase classname="com.epam.programs_portal.tests.api_testing.ProgramPortalAPI_Testing" name="deleteCollegesById" time="0.828"/>
  <testcase classname="com.epam.programs_portal.tests.api_testing.ProgramPortalAPI_Testing" name="deleteCollegesById" time="0.747"/>
  <testcase classname="com.epam.programs_portal.tests.api_testing.ProgramPortalAPI_Testing" name="editCollegeByID" time="1.231"/>
  <testcase classname="com.epam.programs_portal.tests.api_testing.ProgramPortalAPI_Testing" name="editCollegeByID" time="0.394"/>
  <testcase classname="com.epam.programs_portal.tests.api_testing.ProgramPortalAPI_Testing" name="editCollegeByID" time="0.243"/>
  <testcase classname="com.epam.programs_portal.tests.api_testing.ProgramPortalAPI_Testing" name="editCollegeByID" time="0.474"/>
  <testcase classname="com.epam.programs_portal.tests.api_testing.ProgramPortalAPI_Testing" name="editCollegeByID" time="0.27"/>
  <testcase classname="com.epam.programs_portal.tests.api_testing.ProgramPortalAPI_Testing" name="editCollegeByID" time="0.218"/>
  <testcase classname="com.epam.programs_portal.tests.api_testing.ProgramPortalAPI_Testing" name="editCollegeByID" time="0.266"/>
</testsuite> <!-- API Test -->
