<?xml version="1.0" encoding="UTF-8"?>
<!-- Generated by org.testng.reporters.JUnitXMLReporter -->
<testsuite ignored="0" hostname="EPINHYDW077F" failures="0" tests="26" name="Regression tests" time="333.25" errors="0" timestamp="2021-05-09T16:55:19 IST">
  <testcase classname="com.epam.programs_portal.tests.regression_test.AddingCollegeWIthInvalidDataTestCase" name="setup" time="63.602"/>
  <testcase classname="com.epam.programs_portal.tests.regression_test.AddingCollegeWithValidDataTestCase" name="setup" time="58.912"/>
  <testcase classname="com.epam.programs_portal.tests.regression_test.SearchingInCollegesTestCase" name="launchBrowser" time="84.049"/>
  <testcase classname="com.epam.programs_portal.tests.regression_test.SignInTestCase" name="signIn" time="39.294"/>
  <testcase classname="com.epam.programs_portal.tests.regression_test.SignInTestCase" name="signIn" time="1.65"/>
  <testcase classname="com.epam.programs_portal.tests.regression_test.SignInTestCase" name="signIn" time="1.405"/>
  <testcase classname="com.epam.programs_portal.tests.regression_test.SignInTestCase" name="signIn" time="1.344"/>
  <testcase classname="com.epam.programs_portal.tests.regression_test.AddingCollegeWIthInvalidDataTestCase" name="addingACollege" time="2.279"/>
  <testcase classname="com.epam.programs_portal.tests.regression_test.AddingCollegeWIthInvalidDataTestCase" name="addingACollege" time="2.451"/>
  <testcase classname="com.epam.programs_portal.tests.regression_test.AddingCollegeWIthInvalidDataTestCase" name="addingACollege" time="2.156"/>
  <testcase classname="com.epam.programs_portal.tests.regression_test.AddingCollegeWIthInvalidDataTestCase" name="addingACollege" time="2.13"/>
  <testcase classname="com.epam.programs_portal.tests.regression_test.AddingCollegeWithValidDataTestCase" name="addingACollege" time="5.287"/>
  <testcase classname="com.epam.programs_portal.tests.regression_test.AddingCollegeWithValidDataTestCase" name="addingACollege" time="5.56"/>
  <testcase classname="com.epam.programs_portal.tests.regression_test.AddingCollegeWithValidDataTestCase" name="addingACollege" time="6.304"/>
  <testcase classname="com.epam.programs_portal.tests.regression_test.AddingCollegeWithValidDataTestCase" name="addingACollege" time="4.516"/>
  <testcase classname="com.epam.programs_portal.tests.regression_test.AddingCollegeWithValidDataTestCase" name="addingACollege" time="5.004"/>
  <testcase classname="com.epam.programs_portal.tests.regression_test.AddingCollegeWithValidDataTestCase" name="addingACollege" time="4.852"/>
  <testcase classname="com.epam.programs_portal.tests.regression_test.AddingCollegeWithValidDataTestCase" name="addingACollege" time="5.174"/>
  <testcase classname="com.epam.programs_portal.tests.regression_test.SearchingInCollegesTestCase" name="search" time="5.529"/>
  <testcase classname="com.epam.programs_portal.tests.regression_test.SearchingInCollegesTestCase" name="search" time="5.636"/>
  <testcase classname="com.epam.programs_portal.tests.regression_test.SearchingInCollegesTestCase" name="search" time="7.086"/>
  <testcase classname="com.epam.programs_portal.tests.regression_test.SearchingInCollegesTestCase" name="search" time="9.642"/>
  <testcase classname="com.epam.programs_portal.tests.regression_test.SearchingInCollegesTestCase" name="search" time="5.566"/>
  <testcase classname="com.epam.programs_portal.tests.regression_test.AddingCollegeWIthInvalidDataTestCase" name="tearDown" time="0.626"/>
  <testcase classname="com.epam.programs_portal.tests.regression_test.AddingCollegeWithValidDataTestCase" name="tearDown" time="0.038"/>
  <testcase classname="com.epam.programs_portal.tests.regression_test.SearchingInCollegesTestCase" name="tearDown" time="0.237"/>
</testsuite> <!-- Regression tests -->
