<?xml version="1.0" encoding="UTF-8"?>
<!-- Generated by org.testng.reporters.JUnitXMLReporter -->
<testsuite ignored="0" hostname="EPINHYDW077F" failures="0" tests="12" name="RegressionTest" time="31.601" errors="0" timestamp="2021-05-07T15:46:45 IST">
  <testcase classname="com.epam.programs_portal.tests.smoke_test.SignInSmokeTestCase" name="isEmailIconVisible" time="0.098"/>
  <testcase classname="com.epam.programs_portal.tests.smoke_test.SignInSmokeTestCase" name="isForgotPasswordVisible" time="0.122"/>
  <testcase classname="com.epam.programs_portal.tests.smoke_test.SignInSmokeTestCase" name="isPasswordIconVisible" time="0.185"/>
  <testcase classname="com.epam.programs_portal.tests.smoke_test.SignInSmokeTestCase" name="isSignUpPageOpening" time="0.127"/>
  <testcase classname="com.epam.programs_portal.tests.smoke_test.SignInSmokeTestCase" name="checkForgotPasswordText" time="0.389"/>
  <testcase classname="com.epam.programs_portal.tests.smoke_test.SignInSmokeTestCase" name="isSignInHeadingVisible" time="0.309"/>
  <testcase classname="com.epam.programs_portal.tests.smoke_test.DashBoardSmokeTestCase" name="setup" time="20.196"/>
  <testcase classname="com.epam.programs_portal.tests.smoke_test.DashBoardSmokeTestCase" name="testTotalBatchesCard" time="0.871"/>
  <testcase classname="com.epam.programs_portal.tests.smoke_test.SignUpSmokeTestCase" name="isEmailIconVisible" time="0.053"/>
  <testcase classname="com.epam.programs_portal.tests.smoke_test.SignUpSmokeTestCase" name="isSignUpPageOpening" time="0.072"/>
  <testcase classname="com.epam.programs_portal.tests.smoke_test.SignUpSmokeTestCase" name="isPasswordIconVisible" time="0.116"/>
  <testcase classname="com.epam.programs_portal.tests.smoke_test.SignUpSmokeTestCase" name="isSignUpHeadingVisible" time="0.199"/>
</testsuite> <!-- RegressionTest -->
