<?xml version="1.0" encoding="UTF-8"?>
<!-- Generated by org.testng.reporters.JUnitXMLReporter -->
<testsuite ignored="0" hostname="EPINHYDW077F" failures="0" tests="11" name="Smoke Test" time="165.496" errors="0" timestamp="2021-05-09T16:52:32 IST">
  <testcase classname="com.epam.programs_portal.tests.smoke_test.DashBoardSmokeTestCase" name="testTotalBatchesCard" time="0.778"/>
  <testcase classname="com.epam.programs_portal.tests.smoke_test.SignInSmokeTestCase" name="checkForgotPasswordText" time="0.63"/>
  <testcase classname="com.epam.programs_portal.tests.smoke_test.SignInSmokeTestCase" name="isEmailIconVisible" time="0.05"/>
  <testcase classname="com.epam.programs_portal.tests.smoke_test.SignInSmokeTestCase" name="isForgotPasswordVisible" time="0.026"/>
  <testcase classname="com.epam.programs_portal.tests.smoke_test.SignInSmokeTestCase" name="isPasswordIconVisible" time="0.06"/>
  <testcase classname="com.epam.programs_portal.tests.smoke_test.SignInSmokeTestCase" name="isSignInHeadingVisible" time="0.088"/>
  <testcase classname="com.epam.programs_portal.tests.smoke_test.SignInSmokeTestCase" name="isSignUpPageOpening" time="0.01"/>
  <testcase classname="com.epam.programs_portal.tests.smoke_test.SignUpSmokeTestCase" name="isEmailIconVisible" time="0.024"/>
  <testcase classname="com.epam.programs_portal.tests.smoke_test.SignUpSmokeTestCase" name="isPasswordIconVisible" time="0.028"/>
  <testcase classname="com.epam.programs_portal.tests.smoke_test.SignUpSmokeTestCase" name="isSignUpHeadingVisible" time="0.088"/>
  <testcase classname="com.epam.programs_portal.tests.smoke_test.SignUpSmokeTestCase" name="isSignUpPageOpening" time="0.009"/>
</testsuite> <!-- Smoke Test -->
